<?xml version="1.0" encoding="UTF-8"?>
<!-- Generated by org.testng.reporters.JUnitReportReporter -->
<testsuite skipped="0" hostname="DESKTOP-LGN9EM0" name="testNg.Test1" tests="2" failures="0" timestamp="2019-11-12T12:19:49 IST" time="0.032" errors="0">
  <testcase name="testcase2" time="0.008" classname="testNg.Test1"/>
  <testcase name="testcase1" time="0.024" classname="testNg.Test1"/>
</testsuite> <!-- testNg.Test1 -->
